# JRE version: Java(TM) SE Runtime Environment (8.0_311-b11) (build 1.8.0_311-b11)
# Java VM: Java HotSpot(TM) 64-Bit Server VM (25.311-b11 mixed mode windows-amd64 compressed oops)
Heap:
 PSYoungGen      total 75776K, used 64179K [0x000000076be00000, 0x0000000771280000, 0x00000007c0000000)
  eden space 65024K, 98% used [0x000000076be00000,0x000000076fcacde0,0x000000076fd80000)
  from space 10752K, 0% used [0x000000076fd80000,0x000000076fd80000,0x0000000770800000)
  to   space 10752K, 0% used [0x0000000770800000,0x0000000770800000,0x0000000771280000)
 ParOldGen       total 124928K, used 11105K [0x00000006c3a00000, 0x00000006cb400000, 0x000000076be00000)
  object space 124928K, 8% used [0x00000006c3a00000,0x00000006c44d8650,0x00000006cb400000)
 Metaspace       used 32626K, capacity 33792K, committed 34048K, reserved 1079296K
  class space    used 4115K, capacity 4498K, committed 4608K, reserved 1048576K
GC Heap History (4 events):
Event: 6.435 GC heap before
{Heap before GC invocations=1 (full 0):
 PSYoungGen      total 75776K, used 58655K [0x000000076be00000, 0x0000000771280000, 0x00000007c0000000)
  eden space 65024K, 90% used [0x000000076be00000,0x000000076f747ef8,0x000000076fd80000)
  from space 10752K, 0% used [0x0000000770800000,0x0000000770800000,0x0000000771280000)
  to   space 10752K, 0% used [0x000000076fd80000,0x000000076fd80000,0x0000000770800000)
 ParOldGen       total 173568K, used 0K [0x00000006c3a00000, 0x00000006ce380000, 0x000000076be00000)
  object space 173568K, 0% used [0x00000006c3a00000,0x00000006c3a00000,0x00000006ce380000)
 Metaspace       used 20569K, capacity 21152K, committed 21248K, reserved 1067008K
  class space    used 2511K, capacity 2780K, committed 2816K, reserved 1048576K
Event: 6.472 GC heap after
Heap after GC invocations=1 (full 0):
 PSYoungGen      total 75776K, used 10750K [0x000000076be00000, 0x0000000771280000, 0x00000007c0000000)
  eden space 65024K, 0% used [0x000000076be00000,0x000000076be00000,0x000000076fd80000)
  from space 10752K, 99% used [0x000000076fd80000,0x00000007707ffbb0,0x0000000770800000)
  to   space 10752K, 0% used [0x0000000770800000,0x0000000770800000,0x0000000771280000)
 ParOldGen       total 173568K, used 911K [0x00000006c3a00000, 0x00000006ce380000, 0x000000076be00000)
  object space 173568K, 0% used [0x00000006c3a00000,0x00000006c3ae3da8,0x00000006ce380000)
 Metaspace       used 20569K, capacity 21152K, committed 21248K, reserved 1067008K
  class space    used 2511K, capacity 2780K, committed 2816K, reserved 1048576K
}
Event: 6.472 GC heap before
{Heap before GC invocations=2 (full 1):
 PSYoungGen      total 75776K, used 10750K [0x000000076be00000, 0x0000000771280000, 0x00000007c0000000)
  eden space 65024K, 0% used [0x000000076be00000,0x000000076be00000,0x000000076fd80000)
  from space 10752K, 99% used [0x000000076fd80000,0x00000007707ffbb0,0x0000000770800000)
  to   space 10752K, 0% used [0x0000000770800000,0x0000000770800000,0x0000000771280000)
 ParOldGen       total 173568K, used 911K [0x00000006c3a00000, 0x00000006ce380000, 0x000000076be00000)
  object space 173568K, 0% used [0x00000006c3a00000,0x00000006c3ae3da8,0x00000006ce380000)
 Metaspace       used 20569K, capacity 21152K, committed 21248K, reserved 1067008K
  class space    used 2511K, capacity 2780K, committed 2816K, reserved 1048576K
Event: 6.570 GC heap after
Heap after GC invocations=2 (full 1):
 PSYoungGen      total 75776K, used 0K [0x000000076be00000, 0x0000000771280000, 0x00000007c0000000)
  eden space 65024K, 0% used [0x000000076be00000,0x000000076be00000,0x000000076fd80000)
  from space 10752K, 0% used [0x000000076fd80000,0x000000076fd80000,0x0000000770800000)
  to   space 10752K, 0% used [0x0000000770800000,0x0000000770800000,0x0000000771280000)
 ParOldGen       total 124928K, used 11105K [0x00000006c3a00000, 0x00000006cb400000, 0x000000076be00000)
  object space 124928K, 8% used [0x00000006c3a00000,0x00000006c44d8650,0x00000006cb400000)
 Metaspace       used 20569K, capacity 21152K, committed 21248K, reserved 1067008K
  class space    used 2511K, capacity 2780K, committed 2816K, reserved 1048576K
}

